This is pdfTeX, Version 3.14159265-2.6-1.40.20 (MiKTeX 2.9.7140 64-bit) (preloaded format=pdflatex 2019.8.16)  9 SEP 2019 23:27
entering extended mode
**./report.tex
(report.tex
LaTeX2e <2018-12-01>
("C:\Users\HP 820\AppData\Local\Programs\MiKTeX 2.9\tex/latex/base\article.cls"
Document Class: article 2018/09/03 v1.4i Standard LaTeX document class
("C:\Users\HP 820\AppData\Local\Programs\MiKTeX 2.9\tex/latex/base\size10.clo"
File: size10.clo 2018/09/03 v1.4i Standard LaTeX file (size option)
)
\c@part=\count80
\c@section=\count81
\c@subsection=\count82
\c@subsubsection=\count83
\c@paragraph=\count84
\c@subparagraph=\count85
\c@figure=\count86
\c@table=\count87
\abovecaptionskip=\skip41
\belowcaptionskip=\skip42
\bibindent=\dimen102
)
("C:\Users\HP 820\AppData\Local\Programs\MiKTeX 2.9\tex/latex/geometry\geometry
.sty"
Package: geometry 2018/04/16 v5.8 Page Geometry

("C:\Users\HP 820\AppData\Local\Programs\MiKTeX 2.9\tex/latex/graphics\keyval.s
ty"
Package: keyval 2014/10/28 v1.15 key=value parser (DPC)
\KV@toks@=\toks14
)
("C:\Users\HP 820\AppData\Local\Programs\MiKTeX 2.9\tex/generic/oberdiek\ifpdf.
sty"
Package: ifpdf 2018/09/07 v3.3 Provides the ifpdf switch
)
("C:\Users\HP 820\AppData\Local\Programs\MiKTeX 2.9\tex/generic/oberdiek\ifvtex
.sty"
Package: ifvtex 2016/05/16 v1.6 Detect VTeX and its facilities (HO)
Package ifvtex Info: VTeX not detected.
)
("C:\Users\HP 820\AppData\Local\Programs\MiKTeX 2.9\tex/generic/ifxetex\ifxetex
.sty"
Package: ifxetex 2010/09/12 v0.6 Provides ifxetex conditional
)
\Gm@cnth=\count88
\Gm@cntv=\count89
\c@Gm@tempcnt=\count90
\Gm@bindingoffset=\dimen103
\Gm@wd@mp=\dimen104
\Gm@odd@mp=\dimen105
\Gm@even@mp=\dimen106
\Gm@layoutwidth=\dimen107
\Gm@layoutheight=\dimen108
\Gm@layouthoffset=\dimen109
\Gm@layoutvoffset=\dimen110
\Gm@dimlist=\toks15

("C:\Users\HP 820\AppData\Local\Programs\MiKTeX 2.9\tex/latex/geometry\geometry
.cfg"))
("C:\Users\HP 820\AppData\Local\Programs\MiKTeX 2.9\tex/latex/amsfonts\amsfonts
.sty"
Package: amsfonts 2013/01/14 v3.01 Basic AMSFonts support
\@emptytoks=\toks16
\symAMSa=\mathgroup4
\symAMSb=\mathgroup5
LaTeX Font Info:    Overwriting math alphabet `\mathfrak' in version `bold'
(Font)                  U/euf/m/n --> U/euf/b/n on input line 106.
)
("C:\Users\HP 820\AppData\Local\Programs\MiKTeX 2.9\tex/latex/amsmath\amsmath.s
ty"
Package: amsmath 2018/12/01 v2.17b AMS math features
\@mathmargin=\skip43

For additional information on amsmath, use the `?' option.

("C:\Users\HP 820\AppData\Local\Programs\MiKTeX 2.9\tex/latex/amsmath\amstext.s
ty"
Package: amstext 2000/06/29 v2.01 AMS text

("C:\Users\HP 820\AppData\Local\Programs\MiKTeX 2.9\tex/latex/amsmath\amsgen.st
y"
File: amsgen.sty 1999/11/30 v2.0 generic functions
\@emptytoks=\toks17
\ex@=\dimen111
))
("C:\Users\HP 820\AppData\Local\Programs\MiKTeX 2.9\tex/latex/amsmath\amsbsy.st
y"
Package: amsbsy 1999/11/29 v1.2d Bold Symbols
\pmbraise@=\dimen112
)
("C:\Users\HP 820\AppData\Local\Programs\MiKTeX 2.9\tex/latex/amsmath\amsopn.st
y"
Package: amsopn 2016/03/08 v2.02 operator names
)
\inf@bad=\count91
LaTeX Info: Redefining \frac on input line 223.
\uproot@=\count92
\leftroot@=\count93
LaTeX Info: Redefining \overline on input line 385.
\classnum@=\count94
\DOTSCASE@=\count95
LaTeX Info: Redefining \ldots on input line 482.
LaTeX Info: Redefining \dots on input line 485.
LaTeX Info: Redefining \cdots on input line 606.
\Mathstrutbox@=\box27
\strutbox@=\box28
\big@size=\dimen113
LaTeX Font Info:    Redeclaring font encoding OML on input line 729.
LaTeX Font Info:    Redeclaring font encoding OMS on input line 730.
\macc@depth=\count96
\c@MaxMatrixCols=\count97
\dotsspace@=\muskip10
\c@parentequation=\count98
\dspbrk@lvl=\count99
\tag@help=\toks18
\row@=\count100
\column@=\count101
\maxfields@=\count102
\andhelp@=\toks19
\eqnshift@=\dimen114
\alignsep@=\dimen115
\tagshift@=\dimen116
\tagwidth@=\dimen117
\totwidth@=\dimen118
\lineht@=\dimen119
\@envbody=\toks20
\multlinegap=\skip44
\multlinetaggap=\skip45
\mathdisplay@stack=\toks21
LaTeX Info: Redefining \[ on input line 2844.
LaTeX Info: Redefining \] on input line 2845.
)
("C:\Users\HP 820\AppData\Local\Programs\MiKTeX 2.9\tex/latex/amsfonts\amssymb.
sty"
Package: amssymb 2013/01/14 v3.01 AMS font symbols
)
("C:\Users\HP 820\AppData\Local\Programs\MiKTeX 2.9\tex/latex/hyphenat\hyphenat
.sty"
Package: hyphenat 2009/09/02 v2.3c hyphenation utilities
\langwohyphens=\language82
LaTeX Info: Redefining \_ on input line 43.
)
("C:\Users\HP 820\AppData\Local\Programs\MiKTeX 2.9\tex/latex/fancyhdr\fancyhdr
.sty"
Package: fancyhdr 2019/01/31 v3.10 Extensive control of page headers and footer
s
\f@nch@headwidth=\skip46
\f@nch@O@elh=\skip47
\f@nch@O@erh=\skip48
\f@nch@O@olh=\skip49
\f@nch@O@orh=\skip50
\f@nch@O@elf=\skip51
\f@nch@O@erf=\skip52
\f@nch@O@olf=\skip53
\f@nch@O@orf=\skip54
)
("C:\Users\HP 820\AppData\Local\Programs\MiKTeX 2.9\tex/latex/listings\listings
.sty"
\lst@mode=\count103
\lst@gtempboxa=\box29
\lst@token=\toks22
\lst@length=\count104
\lst@currlwidth=\dimen120
\lst@column=\count105
\lst@pos=\count106
\lst@lostspace=\dimen121
\lst@width=\dimen122
\lst@newlines=\count107
\lst@lineno=\count108
\lst@maxwidth=\dimen123

("C:\Users\HP 820\AppData\Local\Programs\MiKTeX 2.9\tex/latex/listings\lstmisc.
sty"
File: lstmisc.sty 2019/02/27 1.8b (Carsten Heinz)
\c@lstnumber=\count109
\lst@skipnumbers=\count110
\lst@framebox=\box30
)
("C:\Users\HP 820\AppData\Local\Programs\MiKTeX 2.9\tex/latex/listings\listings
.cfg"
File: listings.cfg 2019/02/27 1.8b listings configuration
))
Package: listings 2019/02/27 1.8b (Carsten Heinz)

("C:\Users\HP 820\AppData\Local\Programs\MiKTeX 2.9\tex/latex/tocbibind\tocbibi
nd.sty"
Package: tocbibind 2010/10/13 v1.5k extra ToC listings
Package tocbibind Info: The document has section divisions on input line 50.


Package tocbibind Note: Using section or other style headings.

)
("C:\Users\HP 820\AppData\Local\Programs\MiKTeX 2.9\tex/latex/graphics\graphicx
.sty"
Package: graphicx 2017/06/01 v1.1a Enhanced LaTeX Graphics (DPC,SPQR)

("C:\Users\HP 820\AppData\Local\Programs\MiKTeX 2.9\tex/latex/graphics\graphics
.sty"
Package: graphics 2017/06/25 v1.2c Standard LaTeX Graphics (DPC,SPQR)

("C:\Users\HP 820\AppData\Local\Programs\MiKTeX 2.9\tex/latex/graphics\trig.sty
"
Package: trig 2016/01/03 v1.10 sin cos tan (DPC)
)
("C:\Users\HP 820\AppData\Local\Programs\MiKTeX 2.9\tex/latex/graphics-cfg\grap
hics.cfg"
File: graphics.cfg 2016/06/04 v1.11 sample graphics configuration
)
Package graphics Info: Driver file: pdftex.def on input line 99.

("C:\Users\HP 820\AppData\Local\Programs\MiKTeX 2.9\tex/latex/graphics-def\pdft
ex.def"
File: pdftex.def 2018/01/08 v1.0l Graphics/color driver for pdftex
))
\Gin@req@height=\dimen124
\Gin@req@width=\dimen125
)
("C:\Users\HP 820\AppData\Local\Programs\MiKTeX 2.9\tex/latex/url\url.sty"
\Urlmuskip=\muskip11
Package: url 2013/09/16  ver 3.4  Verb mode for urls, etc.
)
("C:\Users\HP 820\AppData\Local\Programs\MiKTeX 2.9\tex/latex/base\inputenc.sty
"
Package: inputenc 2018/08/11 v1.3c Input encoding file
\inpenc@prehook=\toks23
\inpenc@posthook=\toks24
)
\c@theorem=\count111
 (report.aux)
\openout1 = `report.aux'.

LaTeX Font Info:    Checking defaults for OML/cmm/m/it on input line 28.
LaTeX Font Info:    ... okay on input line 28.
LaTeX Font Info:    Checking defaults for T1/cmr/m/n on input line 28.
LaTeX Font Info:    ... okay on input line 28.
LaTeX Font Info:    Checking defaults for OT1/cmr/m/n on input line 28.
LaTeX Font Info:    ... okay on input line 28.
LaTeX Font Info:    Checking defaults for OMS/cmsy/m/n on input line 28.
LaTeX Font Info:    ... okay on input line 28.
LaTeX Font Info:    Checking defaults for OMX/cmex/m/n on input line 28.
LaTeX Font Info:    ... okay on input line 28.
LaTeX Font Info:    Checking defaults for U/cmr/m/n on input line 28.
LaTeX Font Info:    ... okay on input line 28.

*geometry* driver: auto-detecting
*geometry* detected driver: pdftex
*geometry* verbose mode - [ preamble ] result:
* driver: pdftex
* paper: <default>
* layout: <same size as paper>
* layoutoffset:(h,v)=(0.0pt,0.0pt)
* modes: 
* h-part:(L,W,R)=(72.26999pt, 469.75502pt, 72.26999pt)
* v-part:(T,H,B)=(72.26999pt, 650.43001pt, 72.26999pt)
* \paperwidth=614.295pt
* \paperheight=794.96999pt
* \textwidth=469.75502pt
* \textheight=650.43001pt
* \oddsidemargin=0.0pt
* \evensidemargin=0.0pt
* \topmargin=-37.0pt
* \headheight=12.0pt
* \headsep=25.0pt
* \topskip=10.0pt
* \footskip=30.0pt
* \marginparwidth=65.0pt
* \marginparsep=11.0pt
* \columnsep=10.0pt
* \skip\footins=9.0pt plus 4.0pt minus 2.0pt
* \hoffset=0.0pt
* \voffset=0.0pt
* \mag=1000
* \@twocolumnfalse
* \@twosidefalse
* \@mparswitchfalse
* \@reversemarginfalse
* (1in=72.27pt=25.4mm, 1cm=28.453pt)

\c@lstlisting=\count112

("C:\Users\HP 820\AppData\Local\Programs\MiKTeX 2.9\tex/context/base/mkii\supp-
pdf.mkii"
[Loading MPS to PDF converter (version 2006.09.02).]
\scratchcounter=\count113
\scratchdimen=\dimen126
\scratchbox=\box31
\nofMPsegments=\count114
\nofMParguments=\count115
\everyMPshowfont=\toks25
\MPscratchCnt=\count116
\MPscratchDim=\dimen127
\MPnumerator=\count117
\makeMPintoPDFobject=\count118
\everyMPtoPDFconversion=\toks26
)
("C:\Users\HP 820\AppData\Local\Programs\MiKTeX 2.9\tex/latex/oberdiek\epstopdf
-base.sty"
Package: epstopdf-base 2016/05/15 v2.6 Base part for package epstopdf

("C:\Users\HP 820\AppData\Local\Programs\MiKTeX 2.9\tex/generic/oberdiek\infwar
err.sty"
Package: infwarerr 2016/05/16 v1.4 Providing info/warning/error messages (HO)
)
("C:\Users\HP 820\AppData\Local\Programs\MiKTeX 2.9\tex/latex/oberdiek\grfext.s
ty"
Package: grfext 2016/05/16 v1.2 Manage graphics extensions (HO)

("C:\Users\HP 820\AppData\Local\Programs\MiKTeX 2.9\tex/generic/oberdiek\kvdefi
nekeys.sty"
Package: kvdefinekeys 2016/05/16 v1.4 Define keys (HO)

("C:\Users\HP 820\AppData\Local\Programs\MiKTeX 2.9\tex/generic/oberdiek\ltxcmd
s.sty"
Package: ltxcmds 2016/05/16 v1.23 LaTeX kernel commands for general use (HO)
)))
("C:\Users\HP 820\AppData\Local\Programs\MiKTeX 2.9\tex/latex/oberdiek\kvoption
s.sty"
Package: kvoptions 2016/05/16 v3.12 Key value format for package options (HO)

("C:\Users\HP 820\AppData\Local\Programs\MiKTeX 2.9\tex/generic/oberdiek\kvsetk
eys.sty"
Package: kvsetkeys 2016/05/16 v1.17 Key value parser (HO)

("C:\Users\HP 820\AppData\Local\Programs\MiKTeX 2.9\tex/generic/oberdiek\etexcm
ds.sty"
Package: etexcmds 2016/05/16 v1.6 Avoid name clashes with e-TeX commands (HO)

("C:\Users\HP 820\AppData\Local\Programs\MiKTeX 2.9\tex/generic/oberdiek\ifluat
ex.sty"
Package: ifluatex 2016/05/16 v1.4 Provides the ifluatex switch (HO)
Package ifluatex Info: LuaTeX not detected.
))))
("C:\Users\HP 820\AppData\Local\Programs\MiKTeX 2.9\tex/generic/oberdiek\pdftex
cmds.sty"
Package: pdftexcmds 2019/07/25 v0.30 Utility functions of pdfTeX for LuaTeX (HO
)
Package pdftexcmds Info: LuaTeX not detected.
Package pdftexcmds Info: \pdf@primitive is available.
Package pdftexcmds Info: \pdf@ifprimitive is available.
Package pdftexcmds Info: \pdfdraftmode found.
)
Package epstopdf-base Info: Redefining graphics rule for `.eps' on input line 4
38.
Package grfext Info: Graphics extension search list:
(grfext)             [.pdf,.png,.jpg,.mps,.jpeg,.jbig2,.jb2,.PDF,.PNG,.JPG,.JPE
G,.JBIG2,.JB2,.eps]
(grfext)             \AppendGraphicsExtensions on input line 456.
)
<logo.png, id=1, 224.84pt x 225.84375pt>
File: logo.png Graphic file (type png)
<use logo.png>
Package pdftex.def Info: logo.png  used on input line 34.
(pdftex.def)             Requested size: 112.41972pt x 112.92159pt.
 [1

{C:/Users/HP 820/AppData/Local/MiKTeX/2.9/pdftex/config/pdftex.map} <./logo.png
>] (report.toc
LaTeX Font Info:    Try loading font information for U+msa on input line 2.

("C:\Users\HP 820\AppData\Local\Programs\MiKTeX 2.9\tex/latex/amsfonts\umsa.fd"
File: umsa.fd 2013/01/14 v3.01 AMS symbols A
)
LaTeX Font Info:    Try loading font information for U+msb on input line 2.
 ("C:\Users\HP 820\AppData\Local\Programs\MiKTeX 2.9\tex/latex/amsfonts\umsb.fd
"
File: umsb.fd 2013/01/14 v3.01 AMS symbols B
) [1])
\tf@toc=\write3
\openout3 = `report.toc'.

 [2]
Underfull \hbox (badness 10000) in paragraph at lines 70--74

 []


Underfull \hbox (badness 10000) in paragraph at lines 75--81

 []


Underfull \hbox (badness 10000) in paragraph at lines 82--83

 []

[1

]
LaTeX Font Info:    Try loading font information for OMS+cmr on input line 86.
 ("C:\Users\HP 820\AppData\Local\Programs\MiKTeX 2.9\tex/latex/base\omscmr.fd"
File: omscmr.fd 2014/09/29 v2.5h Standard LaTeX font definitions
)
LaTeX Font Info:    Font shape `OMS/cmr/m/n' in size <10> not available
(Font)              Font shape `OMS/cmsy/m/n' tried instead on input line 86.
 [2]
Underfull \hbox (badness 10000) in paragraph at lines 105--111

 []

[3]
<floorplan.jpg, id=27, 192.72pt x 142.6128pt>
File: floorplan.jpg Graphic file (type jpg)
<use floorplan.jpg>
Package pdftex.def Info: floorplan.jpg  used on input line 131.
(pdftex.def)             Requested size: 192.71951pt x 142.61243pt.
<3dmodel.png, id=28, 520.94624pt x 491.8375pt>
File: 3dmodel.png Graphic file (type png)
<use 3dmodel.png>
Package pdftex.def Info: 3dmodel.png  used on input line 141.
(pdftex.def)             Requested size: 208.3748pt x 196.7315pt.

Overfull \hbox (14.40225pt too wide) in paragraph at lines 146--147
[]\OT1/cmr/m/n/10 Platform for in-te-rior de-sign-ing of 3D gen-er-ated model i
.e. Place-ment of fur-ni-ture, chang-ing of tex-ture/-paint
 []

[4 <./floorplan.jpg> <./3dmodel.png>]
<3dhome.jpg, id=35, 790.45313pt x 544.28343pt>
File: 3dhome.jpg Graphic file (type jpg)
<use 3dhome.jpg>
Package pdftex.def Info: 3dhome.jpg  used on input line 148.
(pdftex.def)             Requested size: 237.13776pt x 163.28629pt.
<architect.png, id=36, 332.24126pt x 253.94875pt>
File: architect.png Graphic file (type png)
<use architect.png>
Package pdftex.def Info: architect.png  used on input line 153.
(pdftex.def)             Requested size: 232.56728pt x 177.76291pt.
<real.jpg, id=37, 549.05125pt x 366.36874pt>
File: real.jpg Graphic file (type jpg)
<use real.jpg>
Package pdftex.def Info: real.jpg  used on input line 158.
(pdftex.def)             Requested size: 219.61661pt x 146.54489pt.
 [5 <./3dhome.jpg> <./architect.png (PNG copy)> <./real.jpg>]
Underfull \hbox (badness 10000) in paragraph at lines 177--178
\OT1/cmr/m/n/10 360 Views, Par-ra-met-ric Model,
 []


Overfull \hbox (6.28905pt too wide) in paragraph at lines 179--179
[]\OT1/cmr/m/n/10 SweetHome3D| 
 []


Underfull \hbox (badness 10000) in paragraph at lines 185--185
[]\OT1/cmr/m/n/10 Free CAD
 []


Underfull \hbox (badness 8094) in paragraph at lines 185--185
[]\OT1/cmr/m/n/10 Jurgen Riegel, Werner
 []


Underfull \hbox (badness 10000) in paragraph at lines 196--196
[]\OT1/cmr/m/n/10 Type of
 []


Underfull \hbox (badness 10000) in paragraph at lines 196--196
[]\OT1/cmr/m/n/10 Platform
 []


Underfull \hbox (badness 10000) in paragraph at lines 196--197
[]\OT1/cmr/m/n/10 Difficulty
 []


Underfull \hbox (badness 10000) in paragraph at lines 198--198
[]\OT1/cmr/m/n/10 Windows
 []


Underfull \hbox (badness 10000) in paragraph at lines 198--198
[]\OT1/cmr/m/n/10 Written in C++ and
 []


Underfull \hbox (badness 10000) in paragraph at lines 198--198
[]\OT1/cmr/m/n/10 Open
 []


Underfull \hbox (badness 10000) in paragraph at lines 198--198
\OT1/cmr/m/n/10 API(For
 []


Underfull \hbox (badness 10000) in paragraph at lines 198--198
\OT1/cmr/m/n/10 In-process
 []


Overfull \hbox (4.20572pt too wide) in paragraph at lines 200--200
[]\OT1/cmr/m/n/10 SweetHome3d| 
 []


Underfull \hbox (badness 10000) in paragraph at lines 200--200
[]\OT1/cmr/m/n/10 Free and
 []


Underfull \hbox (badness 3861) in paragraph at lines 200--200
[]\OT1/cmr/m/n/10 Linux, Mac
 []


Underfull \hbox (badness 10000) in paragraph at lines 200--200
\OT1/cmr/m/n/10 OS X,
 []


Underfull \hbox (badness 10000) in paragraph at lines 200--200
\OT1/cmr/m/n/10 So-laris and
 []


Underfull \hbox (badness 10000) in paragraph at lines 202--202
[]\OT1/cmr/m/n/10 Free and
 []


Underfull \hbox (badness 10000) in paragraph at lines 202--202
[]\OT1/cmr/m/n/10 Windows,
 []


Underfull \hbox (badness 10000) in paragraph at lines 202--202
\OT1/cmr/m/n/10 Ma-cOS,
 []


Underfull \hbox (badness 10000) in paragraph at lines 202--202
\OT1/cmr/m/n/10 Linux,
 []


Underfull \hbox (badness 10000) in paragraph at lines 202--202
\OT1/cmr/m/n/10 Free BSD,
 []


Underfull \hbox (badness 10000) in paragraph at lines 204--204
[]\OT1/cmr/m/n/10 FreeCAD
 []


Underfull \hbox (badness 10000) in paragraph at lines 204--204
[]\OT1/cmr/m/n/10 Free and
 []


Underfull \hbox (badness 10000) in paragraph at lines 204--204
[]\OT1/cmr/m/n/10 MacOS,
 []


Underfull \hbox (badness 10000) in paragraph at lines 204--204
\OT1/cmr/m/n/10 Unix,
 []


Underfull \hbox (badness 10000) in paragraph at lines 206--206
[]\OT1/cmr/m/n/10 Only Free
 []


Underfull \hbox (badness 2057) in paragraph at lines 206--206
\OT1/cmr/m/n/10 trial ver-sion
 []


Underfull \hbox (badness 10000) in paragraph at lines 206--206
[]\OT1/cmr/m/n/10 Windows,
 []


Overfull \hbox (36.58362pt too wide) in paragraph at lines 192--209
[] 
 []

[6]
Underfull \hbox (badness 10000) in paragraph at lines 217--218

 []

[7]
<sketchUp.png, id=47, 1929.2075pt x 1025.8325pt>
File: sketchUp.png Graphic file (type png)
<use sketchUp.png>
Package pdftex.def Info: sketchUp.png  used on input line 219.
(pdftex.def)             Requested size: 443.7084pt x 235.93651pt.

Overfull \hbox (21.71597pt too wide) in paragraph at lines 222--223
\OT1/cmr/m/n/10 SweetHome3d mainly fo-cuses on gen-er-at-ing 3D model by draw-i
ng 2D floor plan in pro-vided ed-i-tor si-mul-ta-ne-ously.If
 []

<sweetHome.png, id=48, 815.29594pt x 484.81125pt>
File: sweetHome.png Graphic file (type png)
<use sweetHome.png>
Package pdftex.def Info: sweetHome.png  used on input line 224.
(pdftex.def)             Requested size: 440.25325pt x 261.79417pt.
[8 <./sketchUp.png>]
<blender.png, id=53, 1360.37646pt x 765.21176pt>
File: blender.png Graphic file (type png)
<use blender.png>
Package pdftex.def Info: blender.png  used on input line 231.
(pdftex.def)             Requested size: 448.92563pt x 252.52066pt.
 [9 <./sweetHome.png>]
Underfull \hbox (badness 10000) in paragraph at lines 235--237

 []

<freeCad.jpg, id=58, 1284.8pt x 722.7pt>
File: freeCad.jpg Graphic file (type jpg)
<use freeCad.jpg>
Package pdftex.def Info: freeCad.jpg  used on input line 238.
(pdftex.def)             Requested size: 449.68674pt x 252.94878pt.
[10 <./blender.png (PNG copy)>]
Underfull \hbox (badness 10000) in paragraph at lines 243--244

 []

<SolidWorks.jpg, id=63, 1442.38875pt x 766.36313pt>
File: SolidWorks.jpg Graphic file (type jpg)
<use SolidWorks.jpg>
Package pdftex.def Info: SolidWorks.jpg  used on input line 245.
(pdftex.def)             Requested size: 432.71997pt x 229.9107pt.
[11 <./freeCad.jpg> <./SolidWorks.jpg>] [12]
<diagram.png, id=70, 755.82375pt x 352.31625pt>
File: diagram.png Graphic file (type png)
<use diagram.png>
Package pdftex.def Info: diagram.png  used on input line 268.
(pdftex.def)             Requested size: 529.07301pt x 246.61969pt.

Overfull \hbox (59.318pt too wide) in paragraph at lines 268--269
 [][] 
 []


Underfull \hbox (badness 10000) in paragraph at lines 275--276

 []

[13 <./diagram.png>]
<surveydata.png, id=75, 439.6425pt x 197.98969pt>
File: surveydata.png Graphic file (type png)
<use surveydata.png>
Package pdftex.def Info: surveydata.png  used on input line 284.
(pdftex.def)             Requested size: 395.67459pt x 178.18906pt.

Underfull \hbox (badness 10000) in paragraph at lines 277--287

 []


LaTeX Warning: `!h' float specifier changed to `!ht'.

<graph3.jpg, id=76, 648.4225pt x 396.48125pt>
File: graph3.jpg Graphic file (type jpg)
<use graph3.jpg>
Package pdftex.def Info: graph3.jpg  used on input line 290.
(pdftex.def)             Requested size: 453.89265pt x 277.53497pt.

LaTeX Warning: `!h' float specifier changed to `!ht'.

<graph4.jpg, id=77, 723.70375pt x 412.54124pt>
File: graph4.jpg Graphic file (type jpg)
<use graph4.jpg>
Package pdftex.def Info: graph4.jpg  used on input line 297.
(pdftex.def)             Requested size: 506.58917pt x 288.7769pt.

Overfull \hbox (36.83415pt too wide) in paragraph at lines 297--298
 [][] 
 []


LaTeX Warning: `!h' float specifier changed to `!ht'.

<graph5.jpg, id=78, 690.58pt x 380.42125pt>
File: graph5.jpg Graphic file (type jpg)
<use graph5.jpg>
Package pdftex.def Info: graph5.jpg  used on input line 304.
(pdftex.def)             Requested size: 483.4027pt x 266.29305pt.

Overfull \hbox (13.64767pt too wide) in paragraph at lines 304--305
 [][] 
 []


LaTeX Warning: `!h' float specifier changed to `!ht'.

<graph8.jpg, id=79, 658.46pt x 353.32pt>
File: graph8.jpg Graphic file (type jpg)
<use graph8.jpg>
Package pdftex.def Info: graph8.jpg  used on input line 311.
(pdftex.def)             Requested size: 460.91887pt x 247.32231pt.

LaTeX Warning: `!h' float specifier changed to `!ht'.

<graph12.jpg, id=80, 587.19376pt x 373.395pt>
File: graph12.jpg Graphic file (type jpg)
<use graph12.jpg>
Package pdftex.def Info: graph12.jpg  used on input line 318.
(pdftex.def)             Requested size: 469.75565pt x 298.7164pt.

LaTeX Warning: `!h' float specifier changed to `!ht'.

<graph11.jpg, id=81, 630.355pt x 340.27126pt>
File: graph11.jpg Graphic file (type jpg)
<use graph11.jpg>
Package pdftex.def Info: graph11.jpg  used on input line 325.
(pdftex.def)             Requested size: 441.24548pt x 238.18825pt.

LaTeX Warning: `!h' float specifier changed to `!ht'.

<lastgraph.png, id=82, 793.80435pt x 350.37228pt>
File: lastgraph.png Graphic file (type png)
<use lastgraph.png>
Package pdftex.def Info: lastgraph.png  used on input line 332.
(pdftex.def)             Requested size: 476.28629pt x 210.22498pt.

Overfull \hbox (6.53127pt too wide) in paragraph at lines 332--333
 [][] 
 []


LaTeX Warning: `!h' float specifier changed to `!ht'.


Underfull \hbox (badness 10000) in paragraph at lines 340--341

 []

[14] [15 <./surveydata.png> <./graph3.jpg>]

LaTeX Warning: Text page 16 contains only floats.


Overfull \vbox (0.52882pt too high) has occurred while \output is active []


[16 <./graph4.jpg> <./graph5.jpg>]

LaTeX Warning: Text page 17 contains only floats.

[17 <./graph8.jpg> <./graph12.jpg>] [18 <./graph11.jpg> <./lastgraph.png>]
<table2.png, id=101, 456.20438pt x 102.3825pt>
File: table2.png Graphic file (type png)
<use table2.png>
Package pdftex.def Info: table2.png  used on input line 349.
(pdftex.def)             Requested size: 364.96399pt x 81.9061pt.
<table1.png, id=102, 455.45157pt x 73.02281pt>
File: table1.png Graphic file (type png)
<use table1.png>
Package pdftex.def Info: table1.png  used on input line 359.
(pdftex.def)             Requested size: 364.36174pt x 58.4183pt.

[19 <./table2.png> <./table1.png>]
Underfull \hbox (badness 10000) in paragraph at lines 375--376

 []

[20]
Overfull \hbox (55.04613pt too wide) in paragraph at lines 389--391
\OT1/cmtt/m/n/10 https://stackoverflow.com/questions/29471866/creating-a-3d-map
-with-2d-depth-images-in-processing 
 []


Underfull \hbox (badness 10000) in paragraph at lines 401--403
[]\OT1/cmr/m/n/10 Technical Fea-si-bil-ity, $\OT1/cmtt/m/n/10 https : / / www .
 brighthubpm . com / project -[] planning / 57950 -[] example -[] and -[]
 []

[21] (report.aux) ) 
Here is how much of TeX's memory you used:
 4644 strings out of 492895
 65295 string characters out of 3123266
 142830 words of memory out of 3000000
 8467 multiletter control sequences out of 15000+200000
 7984 words of font info for 31 fonts, out of 3000000 for 9000
 1141 hyphenation exceptions out of 8191
 41i,11n,43p,982b,340s stack positions out of 5000i,500n,10000p,200000b,50000s
<C:/Users/HP 820/AppData/Local/Programs/MiKTeX 2.9/fonts/typ
e1/public/amsfonts/cm/cmbx10.pfb><C:/Users/HP 820/AppData/Local/Programs/MiKTeX
 2.9/fonts/type1/public/amsfonts/cm/cmbx12.pfb><C:/Users/HP 820/AppData/Local/P
rograms/MiKTeX 2.9/fonts/type1/public/amsfonts/cm/cmr10.pfb><C:/Users/HP 820/Ap
pData/Local/Programs/MiKTeX 2.9/fonts/type1/public/amsfonts/cm/cmsl10.pfb><C:/U
sers/HP 820/AppData/Local/Programs/MiKTeX 2.9/fonts/type1/public/amsfonts/cm/cm
sy10.pfb><C:/Users/HP 820/AppData/Local/Programs/MiKTeX 2.9/fonts/type1/public/
amsfonts/cm/cmtt10.pfb>
Output written on report.pdf (24 pages, 2557971 bytes).
PDF statistics:
 135 PDF objects out of 1000 (max. 8388607)
 0 named destinations out of 1000 (max. 500000)
 111 words of extra memory for PDF output out of 10000 (max. 10000000)

