\BOOKMARK [0][-]{dummy.3}{\376\377\000L\000i\000s\000t\000\040\000o\000f\000\040\000F\000i\000g\000u\000r\000e\000s}{}% 1
\BOOKMARK [0][-]{chapter.5}{\376\377\0001\000\040\000I\000n\000t\000r\000o\000d\000u\000c\000t\000i\000o\000n}{}% 2
\BOOKMARK [1][-]{section.6}{\376\377\0001\000.\0001\000\040\000O\000v\000e\000r\000v\000i\000e\000w\000\040\000O\000f\000\040\000P\000r\000o\000j\000e\000c\000t}{chapter.5}% 3
\BOOKMARK [1][-]{section.7}{\376\377\0001\000.\0002\000\040\000B\000a\000c\000k\000g\000r\000o\000u\000n\000d}{chapter.5}% 4
\BOOKMARK [1][-]{section.9}{\376\377\0001\000.\0003\000\040\000M\000o\000t\000i\000v\000a\000t\000i\000o\000n}{chapter.5}% 5
\BOOKMARK [0][-]{chapter.10}{\376\377\0002\000\040\000O\000b\000j\000e\000c\000t\000i\000v\000e\000s}{}% 6
\BOOKMARK [1][-]{section.11}{\376\377\0002\000.\0001\000\040\000I\000n\000d\000u\000s\000t\000r\000y\000\040\000O\000b\000j\000e\000c\000t\000i\000v\000e\000s}{chapter.10}% 7
\BOOKMARK [1][-]{section.12}{\376\377\0002\000.\0002\000\040\000R\000e\000s\000e\000a\000r\000c\000h\000\040\000O\000b\000j\000e\000c\000t\000i\000v\000e\000s}{chapter.10}% 8
\BOOKMARK [1][-]{section.13}{\376\377\0002\000.\0003\000\040\000A\000c\000a\000d\000e\000m\000i\000c\000\040\000O\000b\000j\000e\000c\000t\000i\000v\000e\000s}{chapter.10}% 9
\BOOKMARK [0][-]{chapter.14}{\376\377\0003\000\040\000G\000o\000a\000l\000\040\000o\000f\000\040\000t\000h\000e\000\040\000p\000r\000o\000j\000e\000c\000t}{}% 10
\BOOKMARK [0][-]{chapter.15}{\376\377\0004\000\040\000S\000c\000o\000p\000e\000\040\000o\000f\000\040\000t\000h\000e\000\040\000p\000r\000o\000j\000e\000c\000t}{}% 11
\BOOKMARK [0][-]{chapter.16}{\376\377\0005\000\040\000T\000a\000r\000g\000e\000t\000\040\000A\000u\000d\000i\000e\000n\000c\000e}{}% 12
\BOOKMARK [1][-]{section.17}{\376\377\0005\000.\0001\000\040\000M\000a\000r\000k\000e\000t\000e\000r\000s\000\040\000a\000n\000d\000\040\000C\000o\000n\000s\000u\000m\000e\000r}{chapter.16}% 13
\BOOKMARK [1][-]{section.18}{\376\377\0005\000.\0002\000\040\000E\000d\000u\000c\000a\000t\000i\000o\000n\000a\000l\000\040\000A\000d\000m\000m\000i\000n\000i\000s\000t\000r\000a\000t\000o\000r\000s}{chapter.16}% 14
\BOOKMARK [1][-]{section.19}{\376\377\0005\000.\0003\000\040\000R\000e\000s\000e\000a\000r\000c\000h\000e\000r\000s}{chapter.16}% 15
\BOOKMARK [1][-]{section.20}{\376\377\0005\000.\0004\000\040\000G\000e\000n\000e\000r\000a\000l\000\040\000P\000u\000b\000l\000i\000c}{chapter.16}% 16
\BOOKMARK [0][-]{chapter.21}{\376\377\0006\000\040\000P\000o\000s\000s\000i\000b\000l\000e\000\040\000a\000p\000p\000l\000i\000c\000a\000t\000i\000o\000n\000s\000\040\000o\000f\000\040\000w\000o\000r\000k}{}% 17
\BOOKMARK [1][-]{section.22}{\376\377\0006\000.\0001\000\040\000M\000a\000r\000k\000e\000t\000i\000n\000g\000\040\000s\000e\000c\000t\000o\000r}{chapter.21}% 18
\BOOKMARK [1][-]{section.23}{\376\377\0006\000.\0002\000\040\000A\000d\000v\000e\000r\000t\000i\000s\000i\000n\000g\000\040\000i\000n\000d\000u\000s\000t\000r\000y}{chapter.21}% 19
\BOOKMARK [1][-]{section.24}{\376\377\0006\000.\0003\000\040\000I\000n\000c\000r\000e\000a\000s\000e\000\040\000i\000n\000\040\000e\000c\000o\000n\000o\000m\000y}{chapter.21}% 20
\BOOKMARK [1][-]{section.25}{\376\377\0006\000.\0004\000\040\000E\000n\000t\000e\000r\000t\000a\000i\000n\000m\000e\000n\000t\000\040\000i\000n\000d\000u\000s\000t\000r\000y}{chapter.21}% 21
\BOOKMARK [1][-]{section.26}{\376\377\0006\000.\0005\000\040\000E\000d\000u\000c\000a\000t\000i\000o\000n\000\040\000s\000e\000c\000t\000o\000r}{chapter.21}% 22
\BOOKMARK [1][-]{section.27}{\376\377\0006\000.\0006\000\040\000R\000e\000s\000e\000a\000r\000c\000h\000\040\000i\000n\000\040\000N\000e\000u\000r\000o\000m\000a\000r\000k\000e\000t\000i\000n\000g}{chapter.21}% 23
\BOOKMARK [1][-]{section.28}{\376\377\0006\000.\0007\000\040\000O\000t\000h\000e\000r}{chapter.21}% 24
\BOOKMARK [0][-]{chapter.29}{\376\377\0007\000\040\000E\000x\000i\000s\000t\000i\000n\000g\000\040\000S\000y\000s\000t\000e\000m\000s}{}% 25
\BOOKMARK [1][-]{section.30}{\376\377\0007\000.\0001\000\040\000C\000o\000m\000p\000a\000r\000i\000s\000o\000n\000\040\000o\000f\000\040\000E\000x\000i\000s\000t\000i\000n\000g\000\040\000S\000y\000s\000t\000e\000m\000s}{chapter.29}% 26
\BOOKMARK [1][-]{section.32}{\376\377\0007\000.\0002\000\040\000D\000r\000a\000w\000b\000a\000c\000k\000s\000\040\000o\000f\000\040\000E\000x\000i\000s\000t\000i\000n\000g\000\040\000S\000y\000s\000t\000e\000m\000s}{chapter.29}% 27
\BOOKMARK [0][-]{chapter.33}{\376\377\0008\000\040\000P\000r\000o\000b\000l\000e\000m\000\040\000S\000t\000a\000t\000e\000m\000e\000n\000t}{}% 28
\BOOKMARK [0][-]{chapter.34}{\376\377\0009\000\040\000P\000r\000o\000p\000o\000s\000e\000d\000\040\000S\000y\000s\000t\000e\000m}{}% 29
\BOOKMARK [1][-]{section.35}{\376\377\0009\000.\0001\000\040\000H\000e\000a\000d\000s\000e\000t\000\040\000C\000o\000n\000n\000e\000c\000t\000i\000v\000i\000t\000y}{chapter.34}% 30
\BOOKMARK [1][-]{section.36}{\376\377\0009\000.\0002\000\040\000D\000a\000t\000a\000\040\000A\000c\000q\000u\000i\000s\000i\000t\000i\000o\000n}{chapter.34}% 31
\BOOKMARK [1][-]{section.37}{\376\377\0009\000.\0003\000\040\000R\000e\000s\000p\000o\000n\000s\000e\000\040\000o\000n\000\040\000a\000d\000v\000e\000r\000t\000i\000s\000e\000m\000e\000n\000t}{chapter.34}% 32
\BOOKMARK [1][-]{section.38}{\376\377\0009\000.\0004\000\040\000O\000v\000e\000r\000a\000l\000l\000\040\000R\000e\000s\000p\000o\000n\000s\000e}{chapter.34}% 33
\BOOKMARK [1][-]{section.39}{\376\377\0009\000.\0005\000\040\000E\000x\000i\000s\000t\000i\000n\000g\000\040\000s\000y\000s\000t\000e\000m\000\040\000f\000l\000o\000w\000\040\000c\000h\000a\000r\000t}{chapter.34}% 34
\BOOKMARK [0][-]{chapter.43}{\376\377\0001\0000\000\040\000F\000e\000a\000s\000i\000b\000i\000l\000i\000t\000y\000\040\000S\000t\000u\000d\000y}{}% 35
\BOOKMARK [1][-]{section.44}{\376\377\0001\0000\000.\0001\000\040\000T\000e\000c\000h\000n\000i\000c\000a\000l\000\040\000F\000e\000a\000s\000i\000b\000i\000l\000i\000t\000y}{chapter.43}% 36
\BOOKMARK [1][-]{section.45}{\376\377\0001\0000\000.\0002\000\040\000O\000p\000e\000r\000a\000t\000i\000o\000n\000a\000l\000\040\000F\000e\000a\000s\000i\000b\000i\000l\000i\000t\000y}{chapter.43}% 37
\BOOKMARK [1][-]{section.46}{\376\377\0001\0000\000.\0003\000\040\000E\000c\000o\000n\000o\000m\000i\000c\000a\000l\000\040\000F\000e\000a\000s\000i\000b\000i\000l\000i\000t\000y}{chapter.43}% 38
\BOOKMARK [0][-]{chapter.47}{\376\377\0001\0001\000\040\000S\000y\000s\000t\000e\000m\000\040\000R\000e\000q\000u\000i\000r\000e\000m\000e\000n\000t\000s}{}% 39
\BOOKMARK [1][-]{section.48}{\376\377\0001\0001\000.\0001\000\040\000H\000a\000r\000d\000w\000a\000r\000e\000\040\000R\000e\000q\000u\000i\000r\000e\000m\000e\000n\000t}{chapter.47}% 40
\BOOKMARK [1][-]{section.49}{\376\377\0001\0001\000.\0002\000\040\000S\000o\000f\000t\000w\000a\000r\000e\000\040\000R\000e\000q\000u\000i\000r\000e\000m\000e\000n\000t}{chapter.47}% 41
\BOOKMARK [0][-]{chapter.50}{\376\377\0001\0002\000\040\000S\000W\000O\000T\000\040\000A\000n\000a\000l\000y\000s\000i\000s}{}% 42
\BOOKMARK [1][-]{section.51}{\376\377\0001\0002\000.\0001\000\040\000H\000e\000a\000d\000s\000e\000t\000\040\000C\000o\000n\000n\000e\000c\000t\000i\000v\000i\000t\000y}{chapter.50}% 43
\BOOKMARK [1][-]{section.53}{\376\377\0001\0002\000.\0002\000\040\000D\000a\000t\000a\000s\000e\000t\000\040\000C\000o\000l\000l\000e\000c\000t\000i\000o\000n}{chapter.50}% 44
\BOOKMARK [1][-]{section.54}{\376\377\0001\0002\000.\0003\000\040\000B\000r\000a\000i\000n\000\040\000s\000i\000g\000n\000a\000l\000\040\000V\000a\000r\000i\000a\000t\000i\000o\000n\000s}{chapter.50}% 45
\BOOKMARK [1][-]{section.56}{\376\377\0001\0002\000.\0004\000\040\000L\000i\000m\000i\000t\000e\000d\000\040\000S\000i\000g\000n\000a\000l\000\040\000R\000a\000n\000g\000e}{chapter.50}% 46
\BOOKMARK [1][-]{section.57}{\376\377\0001\0002\000.\0005\000\040\000E\000n\000v\000i\000r\000o\000n\000m\000e\000n\000t\000a\000l\000\040\000S\000e\000t\000u\000p}{chapter.50}% 47
\BOOKMARK [0][-]{chapter*.58}{\376\377\000R\000e\000f\000r\000e\000n\000c\000e\000s}{}% 48
